2024.08.20 07:17:26 INFO  Started: Metals version 1.3.5 in folders '/home/abdul/Documents/GitHub/funtional-programming' for client Visual Studio Code 1.91.0.[0m
SLF4J(W): Class path contains multiple SLF4J providers.
SLF4J(W): Found provider [scribe.slf4j.ScribeServiceProvider@33c9305c]
SLF4J(W): Found provider [ch.qos.logback.classic.spi.LogbackServiceProvider@7a302374]
SLF4J(W): See https://www.slf4j.org/codes.html#multiple_bindings for an explanation.
SLF4J(I): Actual provider is of type [scribe.slf4j.ScribeServiceProvider@33c9305c]
2024.08.20 07:17:27 WARN  Flyway upgrade recommended: H2 2.3.230 is newer than this version of Flyway and support has not been tested. The latest supported version of H2 is 2.2.220.[0m
2024.08.20 07:17:29 INFO  no build target found for /home/abdul/Documents/GitHub/funtional-programming/q1.scala. Using presentation compiler with project's scala-library version: 3.3.3[0m
2024.08.20 07:17:30 INFO  Running List(/home/abdul/.local/share/coursier/bin/scala-cli, setup-ide, /home/abdul/Documents/GitHub/funtional-programming)[0m
2024.08.20 07:17:30 INFO  Attempting to connect to the build server...[0m
2024.08.20 07:17:30 INFO  Running BSP server List(/home/abdul/.local/share/coursier/bin/.scala-cli.aux, bsp, --json-options, /home/abdul/Documents/GitHub/funtional-programming/.scala-build/ide-options-v2.json, --json-launcher-options, /home/abdul/Documents/GitHub/funtional-programming/.scala-build/ide-launcher-options.json, --envs-file, /home/abdul/Documents/GitHub/funtional-programming/.scala-build/ide-envs.json, /home/abdul/Documents/GitHub/funtional-programming)[0m
2024.08.20 07:17:30 INFO  tracing is disabled for protocol BSP, to enable tracing of incoming and outgoing JSON messages create an empty file at /home/abdul/Documents/GitHub/funtional-programming/.metals/bsp.trace.json or /home/abdul/.cache/metals/bsp.trace.json[0m
2024.08.20 07:17:34 INFO  BSP server: Starting compilation server[0m
2024.08.20 07:17:40 INFO  no build target found for /home/abdul/Documents/GitHub/funtional-programming/q1.scala. Using presentation compiler with project's scala-library version: 3.3.3[0m
2024.08.20 07:17:42 INFO  time: Connected to build server in 11s[0m
2024.08.20 07:17:42 INFO  Connected to Build server: scala-cli v1.3.2[0m
2024.08.20 07:17:42 INFO  time: Imported build in 0.7s[0m
2024.08.20 07:17:42 INFO  running doctor check[0m
2024.08.20 07:17:42 INFO  java targets: funtional-programming_a40b41e048, funtional-programming_a40b41e048-test[0m
2024.08.20 07:17:44 INFO  compiling funtional-programming_a40b41e048 (8 scala sources)[0m
2024.08.20 07:17:57 WARN  Flyway upgrade recommended: H2 2.3.230 is newer than this version of Flyway and support has not been tested. The latest supported version of H2 is 2.2.220.[0m
2024.08.20 07:18:07 INFO  time: indexed workspace in 24s[0m
2024.08.20 07:18:10 INFO  time: compiled funtional-programming_a40b41e048 in 25s[0m
